Arguments: 
  /usr/local/bin/node /opt/yarn-v1.5.1/bin/yarn.js add aprscan

PATH: 
  /usr/local/sbin:/usr/local/bin:/usr/sbin:/usr/bin:/sbin:/bin

Yarn version: 
  1.5.1

Node version: 
  8.11.0

Platform: 
  linux x64

npm manifest: 
  No manifest

yarn manifest: 
  No manifest

Lockfile: 
  No lockfile

Trace: 
  Error: https://registry.yarnpkg.com/aprscan: Not found
      at Request.params.callback [as _callback] (/opt/yarn-v1.5.1/lib/cli.js:65019:18)
      at Request.self.callback (/opt/yarn-v1.5.1/lib/cli.js:132430:22)
      at emitTwo (events.js:126:13)
      at Request.emit (events.js:214:7)
      at Request.<anonymous> (/opt/yarn-v1.5.1/lib/cli.js:133413:10)
      at emitOne (events.js:116:13)
      at Request.emit (events.js:211:7)
      at IncomingMessage.<anonymous> (/opt/yarn-v1.5.1/lib/cli.js:133333:12)
      at Object.onceWrapper (events.js:313:30)
      at emitNone (events.js:111:20)
